2014-01-17 15:32:37,977 [Worker-0] INFO  o.e.m.c.i.l.LifecycleMappingFactory - Using org.eclipse.m2e.jdt.JarLifecycleMapping lifecycle mapping for MavenProject: org.ehealthinnovation:orm-entities:1.0.1-SNAPSHOT @ /Users/ian/workspace.orm/entities/pom.xml.
2014-01-17 15:32:39,035 [Worker-4] INFO  o.e.m.c.i.embedder.EclipseLogger - Using 'UTF-8' encoding to copy filtered resources.
2014-01-17 15:32:39,036 [Worker-4] INFO  o.e.m.c.i.embedder.EclipseLogger - skip non existing resourceDirectory /Users/ian/workspace.orm/entities/src/test/resources
2014-01-17 15:32:39,092 [Worker-0] INFO  o.e.m.j.i.AbstractJavaProjectConfigurator - Adding source folder /entities/src/main/java
2014-01-17 15:32:39,093 [Worker-0] INFO  o.e.m.j.i.AbstractJavaProjectConfigurator - Adding source folder /entities/src/test/java
2014-01-17 15:32:39,361 [Worker-0] INFO  o.e.m.c.i.p.ProjectConfigurationManager - Update started
2014-01-17 15:32:39,419 [Worker-0] INFO  o.e.m.c.i.l.LifecycleMappingFactory - Using org.eclipse.m2e.jdt.JarLifecycleMapping lifecycle mapping for MavenProject: org.ehealthinnovation:orm-entities:1.0.1-SNAPSHOT @ /Users/ian/workspace.orm/entities/pom.xml.
2014-01-17 15:32:39,625 [Worker-0] INFO  o.e.m.j.i.AbstractJavaProjectConfigurator - Adding source folder /entities/src/main/java
2014-01-17 15:32:39,626 [Worker-0] INFO  o.e.m.j.i.AbstractJavaProjectConfigurator - Adding source folder /entities/src/test/java
2014-01-17 15:32:39,826 [Worker-0] INFO  o.e.m.c.i.p.ProjectConfigurationManager - Update completed: 0 sec
2014-01-17 15:32:40,131 [Worker-2] INFO  o.e.m.c.i.embedder.EclipseLogger - Using 'UTF-8' encoding to copy filtered resources.
2014-01-17 15:32:40,131 [Worker-2] INFO  o.e.m.c.i.embedder.EclipseLogger - skip non existing resourceDirectory /Users/ian/workspace.orm/entities/src/main/resources
2014-01-17 15:32:40,133 [Worker-2] INFO  o.e.m.c.i.embedder.EclipseLogger - Using 'UTF-8' encoding to copy filtered resources.
2014-01-17 15:32:40,133 [Worker-2] INFO  o.e.m.c.i.embedder.EclipseLogger - skip non existing resourceDirectory /Users/ian/workspace.orm/entities/src/test/resources
2014-01-17 15:32:57,845 [Worker-5] INFO  o.e.m.c.i.embedder.EclipseLogger - Using 'UTF-8' encoding to copy filtered resources.
2014-01-17 15:32:57,846 [Worker-5] INFO  o.e.m.c.i.embedder.EclipseLogger - skip non existing resourceDirectory /Users/ian/workspace.orm/entities/src/main/resources
2014-01-17 15:32:57,847 [Worker-5] INFO  o.e.m.c.i.embedder.EclipseLogger - Using 'UTF-8' encoding to copy filtered resources.
2014-01-17 15:32:57,847 [Worker-5] INFO  o.e.m.c.i.embedder.EclipseLogger - skip non existing resourceDirectory /Users/ian/workspace.orm/entities/src/test/resources
2014-01-17 15:33:41,144 [Worker-0] INFO  o.e.m.c.i.l.LifecycleMappingFactory - Using org.eclipse.m2e.jdt.JarLifecycleMapping lifecycle mapping for MavenProject: org.ehealthinnovation:orm-entities:1.0.1-SNAPSHOT @ /Users/ian/workspace.orm/entities/pom.xml.
2014-01-17 15:33:41,233 [Worker-0] INFO  o.e.m.c.i.embedder.EclipseLogger - Using 'UTF-8' encoding to copy filtered resources.
2014-01-17 15:33:41,233 [Worker-0] INFO  o.e.m.c.i.embedder.EclipseLogger - skip non existing resourceDirectory /Users/ian/workspace.orm/entities/src/main/resources
2014-01-17 15:33:41,234 [Worker-0] INFO  o.e.m.c.i.embedder.EclipseLogger - Using 'UTF-8' encoding to copy filtered resources.
2014-01-17 15:33:41,235 [Worker-0] INFO  o.e.m.c.i.embedder.EclipseLogger - skip non existing resourceDirectory /Users/ian/workspace.orm/entities/src/test/resources
2014-01-17 15:34:37,681 [Worker-3] INFO  o.e.m.c.i.l.LifecycleMappingFactory - Using org.eclipse.m2e.jdt.JarLifecycleMapping lifecycle mapping for MavenProject: org.ehealthinnovation:orm-jpa-hibernate:1.0.1-SNAPSHOT @ /Users/ian/workspace.orm/jpa-hibernate/pom.xml.
2014-01-17 15:34:37,828 [Worker-3] INFO  o.e.m.j.i.AbstractJavaProjectConfigurator - Adding source folder /jpa-hibernate/src/main/java
2014-01-17 15:34:37,829 [Worker-3] INFO  o.e.m.j.i.AbstractJavaProjectConfigurator - Resources folder /jpa-hibernate/src/main/resources overlaps with sources folder /jpa-hibernate/src/main/resources
2014-01-17 15:34:37,835 [Worker-3] INFO  o.e.m.j.i.AbstractJavaProjectConfigurator - Adding source folder /jpa-hibernate/src/test/java
2014-01-17 15:34:38,262 [Worker-0] INFO  o.e.m.c.i.l.LifecycleMappingFactory - Using org.eclipse.m2e.jdt.JarLifecycleMapping lifecycle mapping for MavenProject: org.ehealthinnovation:orm-jpa-hibernate:1.0.1-SNAPSHOT @ /Users/ian/workspace.orm/jpa-hibernate/pom.xml.
2014-01-17 15:34:38,340 [Worker-0] INFO  o.e.m.c.i.embedder.EclipseLogger - Using 'UTF-8' encoding to copy filtered resources.
2014-01-17 15:34:38,350 [Worker-0] INFO  o.e.m.c.i.embedder.EclipseLogger - Copying 4 resources
2014-01-17 15:34:38,360 [Worker-0] INFO  o.e.m.c.i.embedder.EclipseLogger - Using 'UTF-8' encoding to copy filtered resources.
2014-01-17 15:34:38,360 [Worker-0] INFO  o.e.m.c.i.embedder.EclipseLogger - skip non existing resourceDirectory /Users/ian/workspace.orm/jpa-hibernate/src/test/resources
2014-01-17 15:34:38,633 [Worker-3] INFO  o.e.m.c.i.p.ProjectConfigurationManager - Update started
2014-01-17 15:34:40,305 [Worker-3] INFO  o.e.m.c.i.l.LifecycleMappingFactory - Using org.eclipse.m2e.jdt.JarLifecycleMapping lifecycle mapping for MavenProject: org.ehealthinnovation:orm-jpa-hibernate:1.0.1-SNAPSHOT @ /Users/ian/workspace.orm/jpa-hibernate/pom.xml.
2014-01-17 15:34:40,591 [Worker-3] INFO  o.e.m.j.i.AbstractJavaProjectConfigurator - Adding source folder /jpa-hibernate/src/main/java
2014-01-17 15:34:40,591 [Worker-3] INFO  o.e.m.j.i.AbstractJavaProjectConfigurator - Resources folder /jpa-hibernate/src/main/resources overlaps with sources folder /jpa-hibernate/src/main/resources
2014-01-17 15:34:40,680 [Worker-3] INFO  o.e.m.j.i.AbstractJavaProjectConfigurator - Adding source folder /jpa-hibernate/src/test/java
2014-01-17 15:34:41,846 [Worker-3] INFO  o.e.m.c.i.p.ProjectConfigurationManager - Update completed: 3 sec
2014-01-17 15:34:42,130 [Worker-1] INFO  o.e.m.c.i.l.LifecycleMappingFactory - Using org.eclipse.m2e.jdt.JarLifecycleMapping lifecycle mapping for MavenProject: org.ehealthinnovation:orm-jpa-hibernate:1.0.1-SNAPSHOT @ /Users/ian/workspace.orm/jpa-hibernate/pom.xml.
2014-01-17 15:34:42,235 [Worker-1] INFO  o.e.m.c.i.embedder.EclipseLogger - Using 'UTF-8' encoding to copy filtered resources.
2014-01-17 15:34:42,237 [Worker-1] INFO  o.e.m.c.i.embedder.EclipseLogger - Copying 4 resources
2014-01-17 15:34:42,241 [Worker-1] INFO  o.e.m.c.i.embedder.EclipseLogger - Using 'UTF-8' encoding to copy filtered resources.
2014-01-17 15:34:42,241 [Worker-1] INFO  o.e.m.c.i.embedder.EclipseLogger - skip non existing resourceDirectory /Users/ian/workspace.orm/jpa-hibernate/src/test/resources
2014-01-17 15:35:00,806 [Worker-9] INFO  o.e.m.c.i.embedder.EclipseLogger - Using 'UTF-8' encoding to copy filtered resources.
2014-01-17 15:35:00,812 [Worker-9] INFO  o.e.m.c.i.embedder.EclipseLogger - Copying 4 resources
2014-01-17 15:35:00,815 [Worker-9] INFO  o.e.m.c.i.embedder.EclipseLogger - Using 'UTF-8' encoding to copy filtered resources.
2014-01-17 15:35:00,815 [Worker-9] INFO  o.e.m.c.i.embedder.EclipseLogger - skip non existing resourceDirectory /Users/ian/workspace.orm/jpa-hibernate/src/test/resources
2014-01-17 15:35:59,229 [Worker-2] INFO  o.e.m.c.i.embedder.EclipseLogger - Using 'UTF-8' encoding to copy filtered resources.
2014-01-17 15:35:59,229 [Worker-2] INFO  o.e.m.c.i.embedder.EclipseLogger - skip non existing resourceDirectory /Users/ian/workspace.orm/entities/src/main/resources
2014-01-17 15:35:59,231 [Worker-2] INFO  o.e.m.c.i.embedder.EclipseLogger - Using 'UTF-8' encoding to copy filtered resources.
2014-01-17 15:35:59,231 [Worker-2] INFO  o.e.m.c.i.embedder.EclipseLogger - skip non existing resourceDirectory /Users/ian/workspace.orm/entities/src/test/resources
2014-01-17 15:36:30,749 [Worker-9] INFO  o.e.m.c.i.embedder.EclipseLogger - Using 'UTF-8' encoding to copy filtered resources.
2014-01-17 15:36:30,749 [Worker-9] INFO  o.e.m.c.i.embedder.EclipseLogger - skip non existing resourceDirectory /Users/ian/workspace.orm/entities/src/main/resources
2014-01-17 15:36:30,751 [Worker-9] INFO  o.e.m.c.i.embedder.EclipseLogger - Using 'UTF-8' encoding to copy filtered resources.
2014-01-17 15:36:30,751 [Worker-9] INFO  o.e.m.c.i.embedder.EclipseLogger - skip non existing resourceDirectory /Users/ian/workspace.orm/entities/src/test/resources
2014-01-17 15:36:30,799 [Worker-9] INFO  o.e.m.c.i.embedder.EclipseLogger - Using 'UTF-8' encoding to copy filtered resources.
2014-01-17 15:36:30,801 [Worker-9] INFO  o.e.m.c.i.embedder.EclipseLogger - Copying 4 resources
2014-01-17 15:36:30,803 [Worker-9] INFO  o.e.m.c.i.embedder.EclipseLogger - Using 'UTF-8' encoding to copy filtered resources.
2014-01-17 15:36:30,803 [Worker-9] INFO  o.e.m.c.i.embedder.EclipseLogger - skip non existing resourceDirectory /Users/ian/workspace.orm/jpa-hibernate/src/test/resources
2014-01-17 15:37:15,033 [Worker-1] INFO  o.e.m.c.i.embedder.EclipseLogger - Using 'UTF-8' encoding to copy filtered resources.
2014-01-17 15:37:15,033 [Worker-1] INFO  o.e.m.c.i.embedder.EclipseLogger - skip non existing resourceDirectory /Users/ian/workspace.orm/entities/src/main/resources
2014-01-17 15:37:15,034 [Worker-1] INFO  o.e.m.c.i.embedder.EclipseLogger - Using 'UTF-8' encoding to copy filtered resources.
2014-01-17 15:37:15,034 [Worker-1] INFO  o.e.m.c.i.embedder.EclipseLogger - skip non existing resourceDirectory /Users/ian/workspace.orm/entities/src/test/resources
2014-01-17 15:37:15,075 [Worker-1] INFO  o.e.m.c.i.embedder.EclipseLogger - Using 'UTF-8' encoding to copy filtered resources.
2014-01-17 15:37:15,077 [Worker-1] INFO  o.e.m.c.i.embedder.EclipseLogger - Copying 4 resources
2014-01-17 15:37:15,079 [Worker-1] INFO  o.e.m.c.i.embedder.EclipseLogger - Using 'UTF-8' encoding to copy filtered resources.
2014-01-17 15:37:15,079 [Worker-1] INFO  o.e.m.c.i.embedder.EclipseLogger - skip non existing resourceDirectory /Users/ian/workspace.orm/jpa-hibernate/src/test/resources
2014-01-17 15:37:59,745 [Worker-3] INFO  o.e.m.c.i.embedder.EclipseLogger - Using 'UTF-8' encoding to copy filtered resources.
2014-01-17 15:37:59,747 [Worker-3] INFO  o.e.m.c.i.embedder.EclipseLogger - Copying 4 resources
2014-01-17 15:37:59,749 [Worker-3] INFO  o.e.m.c.i.embedder.EclipseLogger - Using 'UTF-8' encoding to copy filtered resources.
2014-01-17 15:37:59,749 [Worker-3] INFO  o.e.m.c.i.embedder.EclipseLogger - skip non existing resourceDirectory /Users/ian/workspace.orm/jpa-hibernate/src/test/resources
2014-01-17 15:38:24,075 [Worker-7] INFO  o.e.m.c.i.embedder.EclipseLogger - Using 'UTF-8' encoding to copy filtered resources.
2014-01-17 15:38:24,077 [Worker-7] INFO  o.e.m.c.i.embedder.EclipseLogger - Copying 4 resources
2014-01-17 15:38:24,079 [Worker-7] INFO  o.e.m.c.i.embedder.EclipseLogger - Using 'UTF-8' encoding to copy filtered resources.
2014-01-17 15:38:24,079 [Worker-7] INFO  o.e.m.c.i.embedder.EclipseLogger - skip non existing resourceDirectory /Users/ian/workspace.orm/jpa-hibernate/src/test/resources
2014-01-17 15:38:42,894 [Worker-1] INFO  o.e.m.c.i.embedder.EclipseLogger - Using 'UTF-8' encoding to copy filtered resources.
2014-01-17 15:38:42,896 [Worker-1] INFO  o.e.m.c.i.embedder.EclipseLogger - Copying 4 resources
2014-01-17 15:38:42,898 [Worker-1] INFO  o.e.m.c.i.embedder.EclipseLogger - Using 'UTF-8' encoding to copy filtered resources.
2014-01-17 15:38:42,899 [Worker-1] INFO  o.e.m.c.i.embedder.EclipseLogger - skip non existing resourceDirectory /Users/ian/workspace.orm/jpa-hibernate/src/test/resources
2014-01-17 15:39:11,719 [Worker-8] INFO  o.e.m.c.i.embedder.EclipseLogger - Using 'UTF-8' encoding to copy filtered resources.
2014-01-17 15:39:11,721 [Worker-8] INFO  o.e.m.c.i.embedder.EclipseLogger - Copying 4 resources
2014-01-17 15:39:11,726 [Worker-8] INFO  o.e.m.c.i.embedder.EclipseLogger - Using 'UTF-8' encoding to copy filtered resources.
2014-01-17 15:39:11,726 [Worker-8] INFO  o.e.m.c.i.embedder.EclipseLogger - skip non existing resourceDirectory /Users/ian/workspace.orm/jpa-hibernate/src/test/resources
2014-01-17 15:39:30,842 [Worker-2] INFO  o.e.m.c.i.l.LifecycleMappingFactory - Using org.eclipse.m2e.jdt.JarLifecycleMapping lifecycle mapping for MavenProject: org.ehealthinnovation:orm-jpa-hibernate:1.0.1-SNAPSHOT @ /Users/ian/workspace.orm/jpa-hibernate/pom.xml.
2014-01-17 15:39:30,953 [Worker-2] INFO  o.e.m.c.i.embedder.EclipseLogger - Using 'UTF-8' encoding to copy filtered resources.
2014-01-17 15:39:30,955 [Worker-2] INFO  o.e.m.c.i.embedder.EclipseLogger - Copying 4 resources
2014-01-17 15:39:30,959 [Worker-2] INFO  o.e.m.c.i.embedder.EclipseLogger - Using 'UTF-8' encoding to copy filtered resources.
2014-01-17 15:39:30,959 [Worker-2] INFO  o.e.m.c.i.embedder.EclipseLogger - skip non existing resourceDirectory /Users/ian/workspace.orm/jpa-hibernate/src/test/resources
2014-01-17 15:40:29,826 [Worker-8] INFO  o.e.m.c.i.embedder.EclipseLogger - Using 'UTF-8' encoding to copy filtered resources.
2014-01-17 15:40:29,829 [Worker-8] INFO  o.e.m.c.i.embedder.EclipseLogger - Copying 4 resources
2014-01-17 15:40:29,831 [Worker-8] INFO  o.e.m.c.i.embedder.EclipseLogger - Using 'UTF-8' encoding to copy filtered resources.
2014-01-17 15:40:29,831 [Worker-8] INFO  o.e.m.c.i.embedder.EclipseLogger - skip non existing resourceDirectory /Users/ian/workspace.orm/jpa-hibernate/src/test/resources
2014-01-17 15:40:38,963 [Worker-1] INFO  o.e.m.c.i.embedder.EclipseLogger - Using 'UTF-8' encoding to copy filtered resources.
2014-01-17 15:40:38,964 [Worker-1] INFO  o.e.m.c.i.embedder.EclipseLogger - Copying 4 resources
2014-01-17 15:40:38,965 [Worker-1] INFO  o.e.m.c.i.embedder.EclipseLogger - Using 'UTF-8' encoding to copy filtered resources.
2014-01-17 15:40:38,965 [Worker-1] INFO  o.e.m.c.i.embedder.EclipseLogger - skip non existing resourceDirectory /Users/ian/workspace.orm/jpa-hibernate/src/test/resources
2014-01-17 16:41:44,273 [Worker-3] INFO  o.e.m.c.i.l.LifecycleMappingFactory - Using org.eclipse.m2e.jdt.JarLifecycleMapping lifecycle mapping for MavenProject: org.ehealthinnovation:orm-hibernate:1.0.1-SNAPSHOT @ /Users/ian/workspace.orm/hibernate/pom.xml.
2014-01-17 16:41:44,385 [Worker-3] INFO  o.e.m.c.i.embedder.EclipseLogger - Using 'UTF-8' encoding to copy filtered resources.
2014-01-17 16:41:44,390 [Worker-3] INFO  o.e.m.c.i.embedder.EclipseLogger - Copying 3 resources
2014-01-17 16:41:44,394 [Worker-3] INFO  o.e.m.c.i.embedder.EclipseLogger - Using 'UTF-8' encoding to copy filtered resources.
2014-01-17 16:41:44,394 [Worker-3] INFO  o.e.m.c.i.embedder.EclipseLogger - skip non existing resourceDirectory /Users/ian/workspace.orm/hibernate/src/test/resources
2014-01-17 16:41:44,770 [Worker-19] INFO  o.e.m.c.i.l.LifecycleMappingFactory - Using org.eclipse.m2e.jdt.JarLifecycleMapping lifecycle mapping for MavenProject: org.ehealthinnovation:orm-hibernate:1.0.1-SNAPSHOT @ /Users/ian/workspace.orm/hibernate/pom.xml.
2014-01-17 16:41:45,607 [Worker-21] INFO  o.e.m.c.i.embedder.EclipseLogger - Using 'UTF-8' encoding to copy filtered resources.
2014-01-17 16:41:45,608 [Worker-21] INFO  o.e.m.c.i.embedder.EclipseLogger - Copying 3 resources
2014-01-17 16:41:45,611 [Worker-21] INFO  o.e.m.c.i.embedder.EclipseLogger - Using 'UTF-8' encoding to copy filtered resources.
2014-01-17 16:41:45,611 [Worker-21] INFO  o.e.m.c.i.embedder.EclipseLogger - skip non existing resourceDirectory /Users/ian/workspace.orm/hibernate/src/test/resources
2014-01-17 16:41:57,381 [Worker-3] INFO  o.e.m.c.i.p.ProjectConfigurationManager - Update started
2014-01-17 16:41:57,432 [Worker-3] INFO  o.e.m.c.i.l.LifecycleMappingFactory - Using org.eclipse.m2e.jdt.JarLifecycleMapping lifecycle mapping for MavenProject: org.ehealthinnovation:orm-hibernate:1.0.1-SNAPSHOT @ /Users/ian/workspace.orm/hibernate/pom.xml.
2014-01-17 16:41:57,497 [Worker-3] INFO  o.e.m.j.i.AbstractJavaProjectConfigurator - Adding source folder /hibernate/src/main/java
2014-01-17 16:41:57,497 [Worker-3] INFO  o.e.m.j.i.AbstractJavaProjectConfigurator - Resources folder /hibernate/src/main/resources overlaps with sources folder /hibernate/src/main/resources
2014-01-17 16:41:57,500 [Worker-3] INFO  o.e.m.j.i.AbstractJavaProjectConfigurator - Adding source folder /hibernate/src/test/java
2014-01-17 16:41:57,584 [Worker-3] INFO  o.e.m.c.i.p.ProjectConfigurationManager - Update completed: 0 sec
2014-01-17 16:41:57,831 [Worker-22] INFO  o.e.m.c.i.l.LifecycleMappingFactory - Using org.eclipse.m2e.jdt.JarLifecycleMapping lifecycle mapping for MavenProject: org.ehealthinnovation:orm-hibernate:1.0.1-SNAPSHOT @ /Users/ian/workspace.orm/hibernate/pom.xml.
2014-01-17 16:41:57,929 [Worker-22] INFO  o.e.m.c.i.embedder.EclipseLogger - Using 'UTF-8' encoding to copy filtered resources.
2014-01-17 16:41:57,929 [Worker-22] INFO  o.e.m.c.i.embedder.EclipseLogger - Copying 3 resources
2014-01-17 16:41:57,932 [Worker-22] INFO  o.e.m.c.i.embedder.EclipseLogger - Using 'UTF-8' encoding to copy filtered resources.
2014-01-17 16:41:57,932 [Worker-22] INFO  o.e.m.c.i.embedder.EclipseLogger - skip non existing resourceDirectory /Users/ian/workspace.orm/hibernate/src/test/resources
2014-01-17 16:42:43,209 [Worker-6] INFO  o.e.m.c.i.l.LifecycleMappingFactory - Using org.eclipse.m2e.jdt.JarLifecycleMapping lifecycle mapping for MavenProject: org.ehealthinnovation:orm-hibernate:1.0.1-SNAPSHOT @ /Users/ian/workspace.orm/hibernate/pom.xml.
2014-01-17 16:42:43,383 [Worker-6] INFO  c.n.h.c.p.n.NettyAsyncHttpProvider - Number of application's worked threads is 8
2014-01-17 16:42:44,415 [New I/O client worker #1-1] INFO  o.e.m.c.i.e.AbstractTransferListenerAdapter - Downloaded http://repo.maven.apache.org/maven2/org/hibernate/javax/persistence/hibernate-3.0.1/1.0.1.Final/hibernate-3.0.1-1.0.1.Final.pom
2014-01-17 16:42:44,424 [Worker-6] WARN  o.e.m.c.i.embedder.EclipseLogger - The POM for org.hibernate.javax.persistence:hibernate-3.0.1:jar:1.0.1.Final is missing, no dependency information available
2014-01-17 16:42:44,431 [Worker-6] INFO  c.n.h.c.p.n.NettyAsyncHttpProvider - Number of application's worked threads is 8
2014-01-17 16:42:44,510 [New I/O client worker #2-1] INFO  o.e.m.c.i.e.AbstractTransferListenerAdapter - Downloaded http://repo.maven.apache.org/maven2/org/hibernate/javax/persistence/hibernate-3.0.1/1.0.1.Final/hibernate-3.0.1-1.0.1.Final.jar
2014-01-17 16:42:44,571 [Worker-6] INFO  o.e.m.c.i.embedder.EclipseLogger - Using 'UTF-8' encoding to copy filtered resources.
2014-01-17 16:42:44,572 [Worker-6] INFO  o.e.m.c.i.embedder.EclipseLogger - Copying 0 resource
2014-01-17 16:42:44,573 [Worker-6] INFO  o.e.m.c.i.embedder.EclipseLogger - Using 'UTF-8' encoding to copy filtered resources.
2014-01-17 16:42:44,573 [Worker-6] INFO  o.e.m.c.i.embedder.EclipseLogger - skip non existing resourceDirectory /Users/ian/workspace.orm/hibernate/src/test/resources
2014-01-17 16:44:04,524 [Worker-15] INFO  o.e.m.c.i.l.LifecycleMappingFactory - Using org.eclipse.m2e.jdt.JarLifecycleMapping lifecycle mapping for MavenProject: org.ehealthinnovation:orm-hibernate:1.0.1-SNAPSHOT @ /Users/ian/workspace.orm/hibernate/pom.xml.
2014-01-17 16:44:04,574 [Worker-15] INFO  c.n.h.c.p.n.NettyAsyncHttpProvider - Number of application's worked threads is 8
2014-01-17 16:44:05,128 [New I/O client worker #3-1] INFO  o.e.m.c.i.e.AbstractTransferListenerAdapter - Downloading http://repo.maven.apache.org/maven2/org/hibernate/hibernate-core/4.3.0.Final/hibernate-core-4.3.0.Final.pom
2014-01-17 16:44:05,131 [New I/O client worker #3-1] INFO  o.e.m.c.i.e.AbstractTransferListenerAdapter - Downloaded http://repo.maven.apache.org/maven2/org/hibernate/hibernate-core/4.3.0.Final/hibernate-core-4.3.0.Final.pom
2014-01-17 16:44:05,170 [Worker-15] INFO  c.n.h.c.p.n.NettyAsyncHttpProvider - Number of application's worked threads is 8
2014-01-17 16:44:05,207 [New I/O client worker #4-1] INFO  o.e.m.c.i.e.AbstractTransferListenerAdapter - Downloading http://repo.maven.apache.org/maven2/org/jboss/logging/jboss-logging/3.1.3.GA/jboss-logging-3.1.3.GA.pom
2014-01-17 16:44:05,208 [New I/O client worker #4-1] INFO  o.e.m.c.i.e.AbstractTransferListenerAdapter - Downloaded http://repo.maven.apache.org/maven2/org/jboss/logging/jboss-logging/3.1.3.GA/jboss-logging-3.1.3.GA.pom
2014-01-17 16:44:05,239 [Worker-15] INFO  c.n.h.c.p.n.NettyAsyncHttpProvider - Number of application's worked threads is 8
2014-01-17 16:44:05,273 [New I/O client worker #5-1] INFO  o.e.m.c.i.e.AbstractTransferListenerAdapter - Downloading http://repo.maven.apache.org/maven2/org/jboss/logging/jboss-logging-annotations/1.2.0.Beta1/jboss-logging-annotations-1.2.0.Beta1.pom
2014-01-17 16:44:05,273 [New I/O client worker #5-1] INFO  o.e.m.c.i.e.AbstractTransferListenerAdapter - Downloaded http://repo.maven.apache.org/maven2/org/jboss/logging/jboss-logging-annotations/1.2.0.Beta1/jboss-logging-annotations-1.2.0.Beta1.pom
2014-01-17 16:44:05,295 [Worker-15] INFO  c.n.h.c.p.n.NettyAsyncHttpProvider - Number of application's worked threads is 8
2014-01-17 16:44:05,350 [New I/O client worker #6-1] INFO  o.e.m.c.i.e.AbstractTransferListenerAdapter - Downloading http://repo.maven.apache.org/maven2/org/jboss/logging/jboss-logging-tools-parent/1.2.0.Beta1/jboss-logging-tools-parent-1.2.0.Beta1.pom
2014-01-17 16:44:05,350 [New I/O client worker #6-1] INFO  o.e.m.c.i.e.AbstractTransferListenerAdapter - Downloaded http://repo.maven.apache.org/maven2/org/jboss/logging/jboss-logging-tools-parent/1.2.0.Beta1/jboss-logging-tools-parent-1.2.0.Beta1.pom
2014-01-17 16:44:05,389 [Worker-15] INFO  c.n.h.c.p.n.NettyAsyncHttpProvider - Number of application's worked threads is 8
2014-01-17 16:44:05,426 [New I/O client worker #7-1] INFO  o.e.m.c.i.e.AbstractTransferListenerAdapter - Downloading http://repo.maven.apache.org/maven2/org/jboss/spec/javax/transaction/jboss-transaction-api_1.2_spec/1.0.0.Final/jboss-transaction-api_1.2_spec-1.0.0.Final.pom
2014-01-17 16:44:05,427 [New I/O client worker #7-1] INFO  o.e.m.c.i.e.AbstractTransferListenerAdapter - Downloaded http://repo.maven.apache.org/maven2/org/jboss/spec/javax/transaction/jboss-transaction-api_1.2_spec/1.0.0.Final/jboss-transaction-api_1.2_spec-1.0.0.Final.pom
2014-01-17 16:44:05,457 [Worker-15] INFO  c.n.h.c.p.n.NettyAsyncHttpProvider - Number of application's worked threads is 8
2014-01-17 16:44:05,502 [New I/O client worker #8-1] INFO  o.e.m.c.i.e.AbstractTransferListenerAdapter - Downloading http://repo.maven.apache.org/maven2/org/hibernate/common/hibernate-commons-annotations/4.0.4.Final/hibernate-commons-annotations-4.0.4.Final.pom
2014-01-17 16:44:05,502 [New I/O client worker #8-1] INFO  o.e.m.c.i.e.AbstractTransferListenerAdapter - Downloaded http://repo.maven.apache.org/maven2/org/hibernate/common/hibernate-commons-annotations/4.0.4.Final/hibernate-commons-annotations-4.0.4.Final.pom
2014-01-17 16:44:05,528 [Worker-15] INFO  c.n.h.c.p.n.NettyAsyncHttpProvider - Number of application's worked threads is 8
2014-01-17 16:44:05,563 [New I/O client worker #9-1] INFO  o.e.m.c.i.e.AbstractTransferListenerAdapter - Downloading http://repo.maven.apache.org/maven2/org/hibernate/javax/persistence/hibernate-jpa-2.1-api/1.0.0.Final/hibernate-jpa-2.1-api-1.0.0.Final.pom
2014-01-17 16:44:05,564 [New I/O client worker #9-1] INFO  o.e.m.c.i.e.AbstractTransferListenerAdapter - Downloaded http://repo.maven.apache.org/maven2/org/hibernate/javax/persistence/hibernate-jpa-2.1-api/1.0.0.Final/hibernate-jpa-2.1-api-1.0.0.Final.pom
2014-01-17 16:44:05,585 [Worker-15] INFO  c.n.h.c.p.n.NettyAsyncHttpProvider - Number of application's worked threads is 8
2014-01-17 16:44:05,619 [New I/O client worker #10-1] INFO  o.e.m.c.i.e.AbstractTransferListenerAdapter - Downloading http://repo.maven.apache.org/maven2/org/javassist/javassist/3.18.1-GA/javassist-3.18.1-GA.pom
2014-01-17 16:44:05,622 [New I/O client worker #10-1] INFO  o.e.m.c.i.e.AbstractTransferListenerAdapter - Downloaded http://repo.maven.apache.org/maven2/org/javassist/javassist/3.18.1-GA/javassist-3.18.1-GA.pom
2014-01-17 16:44:05,650 [Worker-15] INFO  c.n.h.c.p.n.NettyAsyncHttpProvider - Number of application's worked threads is 8
2014-01-17 16:44:05,682 [New I/O client worker #11-1] INFO  o.e.m.c.i.e.AbstractTransferListenerAdapter - Downloading http://repo.maven.apache.org/maven2/org/jboss/jandex/1.1.0.Final/jandex-1.1.0.Final.pom
2014-01-17 16:44:05,683 [New I/O client worker #11-1] INFO  o.e.m.c.i.e.AbstractTransferListenerAdapter - Downloaded http://repo.maven.apache.org/maven2/org/jboss/jandex/1.1.0.Final/jandex-1.1.0.Final.pom
2014-01-17 16:44:05,718 [Worker-15] INFO  c.n.h.c.p.n.NettyAsyncHttpProvider - Number of application's worked threads is 8
2014-01-17 16:44:05,752 [New I/O client worker #12-2] INFO  o.e.m.c.i.e.AbstractTransferListenerAdapter - Downloading http://repo.maven.apache.org/maven2/org/jboss/logging/jboss-logging/3.1.3.GA/jboss-logging-3.1.3.GA.jar
2014-01-17 16:44:05,754 [New I/O client worker #12-3] INFO  o.e.m.c.i.e.AbstractTransferListenerAdapter - Downloading http://repo.maven.apache.org/maven2/org/jboss/logging/jboss-logging-annotations/1.2.0.Beta1/jboss-logging-annotations-1.2.0.Beta1.jar
2014-01-17 16:44:05,755 [New I/O client worker #12-3] INFO  o.e.m.c.i.e.AbstractTransferListenerAdapter - Downloaded http://repo.maven.apache.org/maven2/org/jboss/logging/jboss-logging-annotations/1.2.0.Beta1/jboss-logging-annotations-1.2.0.Beta1.jar
2014-01-17 16:44:05,755 [New I/O client worker #12-4] INFO  o.e.m.c.i.e.AbstractTransferListenerAdapter - Downloading http://repo.maven.apache.org/maven2/org/jboss/spec/javax/transaction/jboss-transaction-api_1.2_spec/1.0.0.Final/jboss-transaction-api_1.2_spec-1.0.0.Final.jar
2014-01-17 16:44:05,758 [New I/O client worker #12-6] INFO  o.e.m.c.i.e.AbstractTransferListenerAdapter - Downloading http://repo.maven.apache.org/maven2/org/hibernate/javax/persistence/hibernate-jpa-2.1-api/1.0.0.Final/hibernate-jpa-2.1-api-1.0.0.Final.jar
2014-01-17 16:44:05,760 [New I/O client worker #12-5] INFO  o.e.m.c.i.e.AbstractTransferListenerAdapter - Downloading http://repo.maven.apache.org/maven2/org/hibernate/common/hibernate-commons-annotations/4.0.4.Final/hibernate-commons-annotations-4.0.4.Final.jar
2014-01-17 16:44:05,761 [New I/O client worker #12-8] INFO  o.e.m.c.i.e.AbstractTransferListenerAdapter - Downloading http://repo.maven.apache.org/maven2/org/jboss/jandex/1.1.0.Final/jandex-1.1.0.Final.jar
2014-01-17 16:44:05,763 [New I/O client worker #12-7] INFO  o.e.m.c.i.e.AbstractTransferListenerAdapter - Downloading http://repo.maven.apache.org/maven2/org/javassist/javassist/3.18.1-GA/javassist-3.18.1-GA.jar
2014-01-17 16:44:05,776 [New I/O client worker #12-1] INFO  o.e.m.c.i.e.AbstractTransferListenerAdapter - Downloading http://repo.maven.apache.org/maven2/org/hibernate/hibernate-core/4.3.0.Final/hibernate-core-4.3.0.Final.jar
2014-01-17 16:44:05,782 [New I/O client worker #12-4] INFO  o.e.m.c.i.e.AbstractTransferListenerAdapter - Downloaded http://repo.maven.apache.org/maven2/org/jboss/spec/javax/transaction/jboss-transaction-api_1.2_spec/1.0.0.Final/jboss-transaction-api_1.2_spec-1.0.0.Final.jar
2014-01-17 16:44:05,793 [New I/O client worker #12-2] INFO  o.e.m.c.i.e.AbstractTransferListenerAdapter - Downloaded http://repo.maven.apache.org/maven2/org/jboss/logging/jboss-logging/3.1.3.GA/jboss-logging-3.1.3.GA.jar
2014-01-17 16:44:05,831 [New I/O client worker #12-8] INFO  o.e.m.c.i.e.AbstractTransferListenerAdapter - Downloaded http://repo.maven.apache.org/maven2/org/jboss/jandex/1.1.0.Final/jandex-1.1.0.Final.jar
2014-01-17 16:44:05,846 [New I/O client worker #12-5] INFO  o.e.m.c.i.e.AbstractTransferListenerAdapter - Downloaded http://repo.maven.apache.org/maven2/org/hibernate/common/hibernate-commons-annotations/4.0.4.Final/hibernate-commons-annotations-4.0.4.Final.jar
2014-01-17 16:44:05,850 [New I/O client worker #12-6] INFO  o.e.m.c.i.e.AbstractTransferListenerAdapter - Downloaded http://repo.maven.apache.org/maven2/org/hibernate/javax/persistence/hibernate-jpa-2.1-api/1.0.0.Final/hibernate-jpa-2.1-api-1.0.0.Final.jar
2014-01-17 16:44:06,064 [New I/O client worker #12-7] INFO  o.e.m.c.i.e.AbstractTransferListenerAdapter - Downloaded http://repo.maven.apache.org/maven2/org/javassist/javassist/3.18.1-GA/javassist-3.18.1-GA.jar
2014-01-17 16:44:06,737 [New I/O client worker #12-1] INFO  o.e.m.c.i.e.AbstractTransferListenerAdapter - Downloaded http://repo.maven.apache.org/maven2/org/hibernate/hibernate-core/4.3.0.Final/hibernate-core-4.3.0.Final.jar
2014-01-17 16:44:06,986 [Worker-15] INFO  o.e.m.c.i.l.LifecycleMappingFactory - Using org.eclipse.m2e.jdt.JarLifecycleMapping lifecycle mapping for MavenProject: org.ehealthinnovation:orm-entities:1.0.1-SNAPSHOT @ /Users/ian/workspace.orm/entities/pom.xml.
2014-01-17 16:44:07,010 [Worker-15] INFO  o.e.m.c.i.l.LifecycleMappingFactory - Using org.eclipse.m2e.jdt.JarLifecycleMapping lifecycle mapping for MavenProject: org.ehealthinnovation:orm-jpa-hibernate:1.0.1-SNAPSHOT @ /Users/ian/workspace.orm/jpa-hibernate/pom.xml.
2014-01-17 16:44:07,187 [Worker-15] INFO  o.e.m.c.i.embedder.EclipseLogger - Using 'UTF-8' encoding to copy filtered resources.
2014-01-17 16:44:07,187 [Worker-15] INFO  o.e.m.c.i.embedder.EclipseLogger - Copying 0 resource
2014-01-17 16:44:07,189 [Worker-15] INFO  o.e.m.c.i.embedder.EclipseLogger - Using 'UTF-8' encoding to copy filtered resources.
2014-01-17 16:44:07,189 [Worker-15] INFO  o.e.m.c.i.embedder.EclipseLogger - skip non existing resourceDirectory /Users/ian/workspace.orm/hibernate/src/test/resources
2014-01-17 16:44:07,379 [Worker-2] INFO  o.e.m.c.i.embedder.EclipseLogger - Using 'UTF-8' encoding to copy filtered resources.
2014-01-17 16:44:07,379 [Worker-2] INFO  o.e.m.c.i.embedder.EclipseLogger - skip non existing resourceDirectory /Users/ian/workspace.orm/entities/src/main/resources
2014-01-17 16:44:07,380 [Worker-2] INFO  o.e.m.c.i.embedder.EclipseLogger - Using 'UTF-8' encoding to copy filtered resources.
2014-01-17 16:44:07,380 [Worker-2] INFO  o.e.m.c.i.embedder.EclipseLogger - skip non existing resourceDirectory /Users/ian/workspace.orm/entities/src/test/resources
2014-01-17 16:44:07,423 [Worker-2] INFO  o.e.m.c.i.embedder.EclipseLogger - Using 'UTF-8' encoding to copy filtered resources.
2014-01-17 16:44:07,424 [Worker-2] INFO  o.e.m.c.i.embedder.EclipseLogger - Copying 3 resources
2014-01-17 16:44:07,427 [Worker-2] INFO  o.e.m.c.i.embedder.EclipseLogger - Using 'UTF-8' encoding to copy filtered resources.
2014-01-17 16:44:07,427 [Worker-2] INFO  o.e.m.c.i.embedder.EclipseLogger - skip non existing resourceDirectory /Users/ian/workspace.orm/hibernate/src/test/resources
2014-01-17 16:44:07,449 [Worker-2] INFO  o.e.m.c.i.embedder.EclipseLogger - Using 'UTF-8' encoding to copy filtered resources.
2014-01-17 16:44:07,449 [Worker-2] INFO  o.e.m.c.i.embedder.EclipseLogger - Copying 0 resource
2014-01-17 16:44:07,452 [Worker-2] INFO  o.e.m.c.i.embedder.EclipseLogger - Using 'UTF-8' encoding to copy filtered resources.
2014-01-17 16:44:07,453 [Worker-2] INFO  o.e.m.c.i.embedder.EclipseLogger - skip non existing resourceDirectory /Users/ian/workspace.orm/jpa-hibernate/src/test/resources
2014-01-17 16:48:42,527 [Worker-22] INFO  o.e.m.c.i.p.ProjectConfigurationManager - Update started
2014-01-17 16:48:42,564 [Worker-22] INFO  o.e.m.c.i.l.LifecycleMappingFactory - Using org.eclipse.m2e.jdt.JarLifecycleMapping lifecycle mapping for MavenProject: org.ehealthinnovation:orm-hibernate:1.0.1-SNAPSHOT @ /Users/ian/workspace.orm/hibernate/pom.xml.
2014-01-17 16:48:42,707 [Worker-22] INFO  o.e.m.j.i.AbstractJavaProjectConfigurator - Adding source folder /hibernate/src/main/java
2014-01-17 16:48:42,707 [Worker-22] INFO  o.e.m.j.i.AbstractJavaProjectConfigurator - Resources folder /hibernate/src/main/resources overlaps with sources folder /hibernate/src/main/resources
2014-01-17 16:48:42,708 [Worker-22] INFO  o.e.m.j.i.AbstractJavaProjectConfigurator - Adding source folder /hibernate/src/test/java
2014-01-17 16:48:42,816 [Worker-22] INFO  o.e.m.c.i.p.ProjectConfigurationManager - Update completed: 0 sec
2014-01-17 16:48:43,026 [Worker-6] INFO  o.e.m.c.i.embedder.EclipseLogger - Using 'UTF-8' encoding to copy filtered resources.
2014-01-17 16:48:43,027 [Worker-6] INFO  o.e.m.c.i.embedder.EclipseLogger - Copying 3 resources
2014-01-17 16:48:43,036 [Worker-6] INFO  o.e.m.c.i.embedder.EclipseLogger - Using 'UTF-8' encoding to copy filtered resources.
2014-01-17 16:48:43,036 [Worker-6] INFO  o.e.m.c.i.embedder.EclipseLogger - skip non existing resourceDirectory /Users/ian/workspace.orm/hibernate/src/test/resources
2014-01-17 16:48:43,362 [Worker-22] INFO  o.e.m.c.i.embedder.EclipseLogger - Using 'UTF-8' encoding to copy filtered resources.
2014-01-17 16:48:43,362 [Worker-22] INFO  o.e.m.c.i.embedder.EclipseLogger - skip non existing resourceDirectory /Users/ian/workspace.orm/entities/src/main/resources
2014-01-17 16:48:43,364 [Worker-22] INFO  o.e.m.c.i.embedder.EclipseLogger - Using 'UTF-8' encoding to copy filtered resources.
2014-01-17 16:48:43,364 [Worker-22] INFO  o.e.m.c.i.embedder.EclipseLogger - skip non existing resourceDirectory /Users/ian/workspace.orm/entities/src/test/resources
2014-01-17 16:50:08,440 [Worker-23] INFO  o.e.m.c.i.embedder.EclipseLogger - Using 'UTF-8' encoding to copy filtered resources.
2014-01-17 16:50:08,442 [Worker-23] INFO  o.e.m.c.i.embedder.EclipseLogger - Copying 3 resources
2014-01-17 16:50:08,444 [Worker-23] INFO  o.e.m.c.i.embedder.EclipseLogger - Using 'UTF-8' encoding to copy filtered resources.
2014-01-17 16:50:08,444 [Worker-23] INFO  o.e.m.c.i.embedder.EclipseLogger - skip non existing resourceDirectory /Users/ian/workspace.orm/hibernate/src/test/resources
2014-01-17 16:50:36,898 [Worker-6] INFO  o.e.m.c.i.embedder.EclipseLogger - Using 'UTF-8' encoding to copy filtered resources.
2014-01-17 16:50:36,898 [Worker-6] INFO  o.e.m.c.i.embedder.EclipseLogger - skip non existing resourceDirectory /Users/ian/workspace.orm/entities/src/main/resources
2014-01-17 16:50:36,899 [Worker-6] INFO  o.e.m.c.i.embedder.EclipseLogger - Using 'UTF-8' encoding to copy filtered resources.
2014-01-17 16:50:36,899 [Worker-6] INFO  o.e.m.c.i.embedder.EclipseLogger - skip non existing resourceDirectory /Users/ian/workspace.orm/entities/src/test/resources
2014-01-17 16:50:36,936 [Worker-6] INFO  o.e.m.c.i.embedder.EclipseLogger - Using 'UTF-8' encoding to copy filtered resources.
2014-01-17 16:50:36,936 [Worker-6] INFO  o.e.m.c.i.embedder.EclipseLogger - Copying 3 resources
2014-01-17 16:50:36,939 [Worker-6] INFO  o.e.m.c.i.embedder.EclipseLogger - Using 'UTF-8' encoding to copy filtered resources.
2014-01-17 16:50:36,939 [Worker-6] INFO  o.e.m.c.i.embedder.EclipseLogger - skip non existing resourceDirectory /Users/ian/workspace.orm/hibernate/src/test/resources
2014-01-17 16:50:37,201 [Worker-6] INFO  o.e.m.c.i.embedder.EclipseLogger - Using 'UTF-8' encoding to copy filtered resources.
2014-01-17 16:50:37,201 [Worker-6] INFO  o.e.m.c.i.embedder.EclipseLogger - skip non existing resourceDirectory /Users/ian/workspace.orm/entities/src/main/resources
2014-01-17 16:50:37,203 [Worker-6] INFO  o.e.m.c.i.embedder.EclipseLogger - Using 'UTF-8' encoding to copy filtered resources.
2014-01-17 16:50:37,203 [Worker-6] INFO  o.e.m.c.i.embedder.EclipseLogger - skip non existing resourceDirectory /Users/ian/workspace.orm/entities/src/test/resources
2014-01-17 16:50:37,260 [Worker-6] INFO  o.e.m.c.i.embedder.EclipseLogger - Using 'UTF-8' encoding to copy filtered resources.
2014-01-17 16:50:37,261 [Worker-6] INFO  o.e.m.c.i.embedder.EclipseLogger - Copying 4 resources
2014-01-17 16:50:37,268 [Worker-6] INFO  o.e.m.c.i.embedder.EclipseLogger - Using 'UTF-8' encoding to copy filtered resources.
2014-01-17 16:50:37,268 [Worker-6] INFO  o.e.m.c.i.embedder.EclipseLogger - skip non existing resourceDirectory /Users/ian/workspace.orm/jpa-hibernate/src/test/resources
2014-01-17 16:50:57,830 [Worker-19] INFO  o.e.m.c.i.embedder.EclipseLogger - Using 'UTF-8' encoding to copy filtered resources.
2014-01-17 16:50:57,830 [Worker-19] INFO  o.e.m.c.i.embedder.EclipseLogger - skip non existing resourceDirectory /Users/ian/workspace.orm/entities/src/main/resources
2014-01-17 16:50:57,833 [Worker-19] INFO  o.e.m.c.i.embedder.EclipseLogger - Using 'UTF-8' encoding to copy filtered resources.
2014-01-17 16:50:57,833 [Worker-19] INFO  o.e.m.c.i.embedder.EclipseLogger - skip non existing resourceDirectory /Users/ian/workspace.orm/entities/src/test/resources
2014-01-17 16:50:57,857 [Worker-19] INFO  o.e.m.c.i.embedder.EclipseLogger - Using 'UTF-8' encoding to copy filtered resources.
2014-01-17 16:50:57,858 [Worker-19] INFO  o.e.m.c.i.embedder.EclipseLogger - Copying 3 resources
2014-01-17 16:50:57,860 [Worker-19] INFO  o.e.m.c.i.embedder.EclipseLogger - Using 'UTF-8' encoding to copy filtered resources.
2014-01-17 16:50:57,860 [Worker-19] INFO  o.e.m.c.i.embedder.EclipseLogger - skip non existing resourceDirectory /Users/ian/workspace.orm/hibernate/src/test/resources
2014-01-17 16:51:36,652 [Worker-23] INFO  o.e.m.c.i.embedder.EclipseLogger - Using 'UTF-8' encoding to copy filtered resources.
2014-01-17 16:51:36,653 [Worker-23] INFO  o.e.m.c.i.embedder.EclipseLogger - Copying 4 resources
2014-01-17 16:51:36,655 [Worker-23] INFO  o.e.m.c.i.embedder.EclipseLogger - Using 'UTF-8' encoding to copy filtered resources.
2014-01-17 16:51:36,655 [Worker-23] INFO  o.e.m.c.i.embedder.EclipseLogger - skip non existing resourceDirectory /Users/ian/workspace.orm/jpa-hibernate/src/test/resources
2014-01-17 16:52:13,193 [Worker-6] INFO  o.e.m.c.i.l.LifecycleMappingFactory - Using org.eclipse.m2e.jdt.JarLifecycleMapping lifecycle mapping for MavenProject: org.ehealthinnovation:orm-hibernate:1.0.1-SNAPSHOT @ /Users/ian/workspace.orm/hibernate/pom.xml.
2014-01-17 16:52:13,359 [Worker-6] INFO  o.e.m.c.i.embedder.EclipseLogger - Using 'UTF-8' encoding to copy filtered resources.
2014-01-17 16:52:13,359 [Worker-6] INFO  o.e.m.c.i.embedder.EclipseLogger - Copying 0 resource
2014-01-17 16:52:13,361 [Worker-6] INFO  o.e.m.c.i.embedder.EclipseLogger - Using 'UTF-8' encoding to copy filtered resources.
2014-01-17 16:52:13,361 [Worker-6] INFO  o.e.m.c.i.embedder.EclipseLogger - skip non existing resourceDirectory /Users/ian/workspace.orm/hibernate/src/test/resources
2014-01-17 16:52:14,542 [Worker-24] INFO  o.e.m.c.i.embedder.EclipseLogger - Using 'UTF-8' encoding to copy filtered resources.
2014-01-17 16:52:14,543 [Worker-24] INFO  o.e.m.c.i.embedder.EclipseLogger - Copying 3 resources
2014-01-17 16:52:14,545 [Worker-24] INFO  o.e.m.c.i.embedder.EclipseLogger - Using 'UTF-8' encoding to copy filtered resources.
2014-01-17 16:52:14,545 [Worker-24] INFO  o.e.m.c.i.embedder.EclipseLogger - skip non existing resourceDirectory /Users/ian/workspace.orm/hibernate/src/test/resources
2014-01-17 16:53:31,592 [Worker-22] INFO  o.e.m.c.i.l.LifecycleMappingFactory - Using org.eclipse.m2e.jdt.JarLifecycleMapping lifecycle mapping for MavenProject: org.ehealthinnovation:orm-hibernate:1.0.1-SNAPSHOT @ /Users/ian/workspace.orm/hibernate/pom.xml.
2014-01-17 16:53:31,726 [Worker-22] INFO  o.e.m.c.i.embedder.EclipseLogger - Using 'UTF-8' encoding to copy filtered resources.
2014-01-17 16:53:31,727 [Worker-22] INFO  o.e.m.c.i.embedder.EclipseLogger - Copying 0 resource
2014-01-17 16:53:31,728 [Worker-22] INFO  o.e.m.c.i.embedder.EclipseLogger - Using 'UTF-8' encoding to copy filtered resources.
2014-01-17 16:53:31,728 [Worker-22] INFO  o.e.m.c.i.embedder.EclipseLogger - skip non existing resourceDirectory /Users/ian/workspace.orm/hibernate/src/test/resources
2014-01-17 16:56:28,610 [Worker-25] INFO  o.e.m.c.i.l.LifecycleMappingFactory - Using org.eclipse.m2e.jdt.JarLifecycleMapping lifecycle mapping for MavenProject: org.ehealthinnovation:orm-hibernate:1.0.1-SNAPSHOT @ /Users/ian/workspace.orm/hibernate/pom.xml.
2014-01-17 16:56:28,742 [Worker-25] INFO  o.e.m.c.i.embedder.EclipseLogger - Using 'UTF-8' encoding to copy filtered resources.
2014-01-17 16:56:28,742 [Worker-25] INFO  o.e.m.c.i.embedder.EclipseLogger - Copying 0 resource
2014-01-17 16:56:28,743 [Worker-25] INFO  o.e.m.c.i.embedder.EclipseLogger - Using 'UTF-8' encoding to copy filtered resources.
2014-01-17 16:56:28,744 [Worker-25] INFO  o.e.m.c.i.embedder.EclipseLogger - skip non existing resourceDirectory /Users/ian/workspace.orm/hibernate/src/test/resources
2014-01-17 16:57:39,558 [Worker-25] INFO  c.n.h.c.p.n.NettyAsyncHttpProvider - Number of application's worked threads is 8
2014-01-17 16:57:39,864 [New I/O client worker #13-1] INFO  o.e.m.c.i.e.AbstractTransferListenerAdapter - Downloading http://repo.maven.apache.org/maven2/org/codehaus/mojo/exec-maven-plugin/1.1/exec-maven-plugin-1.1.jar
2014-01-17 16:57:39,899 [New I/O client worker #13-1] INFO  o.e.m.c.i.e.AbstractTransferListenerAdapter - Downloaded http://repo.maven.apache.org/maven2/org/codehaus/mojo/exec-maven-plugin/1.1/exec-maven-plugin-1.1.jar
2014-01-17 16:57:39,956 [Worker-25] INFO  o.e.m.c.i.l.LifecycleMappingFactory - Using org.eclipse.m2e.jdt.JarLifecycleMapping lifecycle mapping for MavenProject: org.ehealthinnovation:orm-hibernate:1.0.1-SNAPSHOT @ /Users/ian/workspace.orm/hibernate/pom.xml.
2014-01-17 16:57:40,051 [Worker-25] INFO  o.e.m.c.i.embedder.EclipseLogger - Using 'UTF-8' encoding to copy filtered resources.
2014-01-17 16:57:40,052 [Worker-25] INFO  o.e.m.c.i.embedder.EclipseLogger - Copying 0 resource
2014-01-17 16:57:40,053 [Worker-25] INFO  o.e.m.c.i.embedder.EclipseLogger - Using 'UTF-8' encoding to copy filtered resources.
2014-01-17 16:57:40,053 [Worker-25] INFO  o.e.m.c.i.embedder.EclipseLogger - skip non existing resourceDirectory /Users/ian/workspace.orm/hibernate/src/test/resources
2014-01-17 17:00:19,691 [Worker-26] INFO  o.e.m.c.i.l.LifecycleMappingFactory - Using org.eclipse.m2e.jdt.JarLifecycleMapping lifecycle mapping for MavenProject: org.ehealthinnovation:orm-hibernate:1.0.1-SNAPSHOT @ /Users/ian/workspace.orm/hibernate/pom.xml.
2014-01-17 17:00:19,801 [Worker-26] INFO  o.e.m.c.i.embedder.EclipseLogger - Using 'UTF-8' encoding to copy filtered resources.
2014-01-17 17:00:19,802 [Worker-26] INFO  o.e.m.c.i.embedder.EclipseLogger - Copying 3 resources
2014-01-17 17:00:19,805 [Worker-26] INFO  o.e.m.c.i.embedder.EclipseLogger - Using 'UTF-8' encoding to copy filtered resources.
2014-01-17 17:00:19,805 [Worker-26] INFO  o.e.m.c.i.embedder.EclipseLogger - skip non existing resourceDirectory /Users/ian/workspace.orm/hibernate/src/test/resources
2014-01-20 12:34:24,458 [main] ERROR o.e.m.c.i.p.r.ProjectRegistryReader - Can't write workspace state
java.io.FileNotFoundException: /Users/ian/workspace.orm/.metadata/.plugins/org.eclipse.m2e.core/workspaceState.ser (No space left on device)
	at java.io.FileOutputStream.open(Native Method) ~[na:1.7.0_25]
	at java.io.FileOutputStream.<init>(FileOutputStream.java:212) ~[na:1.7.0_25]
	at java.io.FileOutputStream.<init>(FileOutputStream.java:165) ~[na:1.7.0_25]
	at org.eclipse.m2e.core.internal.project.registry.ProjectRegistryReader.writeWorkspaceState(ProjectRegistryReader.java:127) ~[na:na]
	at org.eclipse.m2e.core.internal.project.registry.ProjectRegistryManager.writeWorkspaceState(ProjectRegistryManager.java:870) ~[na:na]
	at org.eclipse.m2e.core.internal.MavenPluginActivator.stop(MavenPluginActivator.java:274) ~[na:na]
	at org.eclipse.osgi.framework.internal.core.BundleContextImpl$2.run(BundleContextImpl.java:771) ~[org.eclipse.osgi_3.9.1.v20130814-1242.jar:na]
	at java.security.AccessController.doPrivileged(Native Method) ~[na:1.7.0_25]
	at org.eclipse.osgi.framework.internal.core.BundleContextImpl.stop(BundleContextImpl.java:764) ~[org.eclipse.osgi_3.9.1.v20130814-1242.jar:na]
	at org.eclipse.osgi.framework.internal.core.BundleHost.stopWorker(BundleHost.java:510) ~[org.eclipse.osgi_3.9.1.v20130814-1242.jar:na]
	at org.eclipse.osgi.framework.internal.core.AbstractBundle.suspend(AbstractBundle.java:566) ~[org.eclipse.osgi_3.9.1.v20130814-1242.jar:na]
	at org.eclipse.osgi.framework.internal.core.Framework.suspendBundle(Framework.java:1206) ~[org.eclipse.osgi_3.9.1.v20130814-1242.jar:na]
	at org.eclipse.osgi.framework.internal.core.StartLevelManager.decFWSL(StartLevelManager.java:592) ~[org.eclipse.osgi_3.9.1.v20130814-1242.jar:na]
	at org.eclipse.osgi.framework.internal.core.StartLevelManager.doSetStartLevel(StartLevelManager.java:257) ~[org.eclipse.osgi_3.9.1.v20130814-1242.jar:na]
	at org.eclipse.osgi.framework.internal.core.StartLevelManager.shutdown(StartLevelManager.java:215) ~[org.eclipse.osgi_3.9.1.v20130814-1242.jar:na]
	at org.eclipse.osgi.framework.internal.core.InternalSystemBundle.suspend(InternalSystemBundle.java:284) ~[org.eclipse.osgi_3.9.1.v20130814-1242.jar:na]
	at org.eclipse.osgi.framework.internal.core.Framework.shutdown(Framework.java:692) ~[org.eclipse.osgi_3.9.1.v20130814-1242.jar:na]
	at org.eclipse.osgi.framework.internal.core.Framework.close(Framework.java:600) ~[org.eclipse.osgi_3.9.1.v2